  GLTexture.cpp
C:\Users\Mustafa ashraf\Documents\GitHub\OpenGL-3D\GLTexture.cpp(61,16): warning C4996: '_strlwr': This function or variable may be unsafe. Consider using _strlwr_s instead. To disable deprecation, use _CRT_SECURE_NO_WARNINGS. See online help for details.
C:\Users\Mustafa ashraf\Documents\GitHub\OpenGL-3D\GLTexture.cpp(65,17): warning C4996: 'strtok': This function or variable may be unsafe. Consider using strtok_s instead. To disable deprecation, use _CRT_SECURE_NO_WARNINGS. See online help for details.
C:\Users\Mustafa ashraf\Documents\GitHub\OpenGL-3D\GLTexture.cpp(77,16): warning C4996: '_strlwr': This function or variable may be unsafe. Consider using _strlwr_s instead. To disable deprecation, use _CRT_SECURE_NO_WARNINGS. See online help for details.
C:\Users\Mustafa ashraf\Documents\GitHub\OpenGL-3D\GLTexture.cpp(146,15): warning C4996: 'fopen': This function or variable may be unsafe. Consider using fopen_s instead. To disable deprecation, use _CRT_SECURE_NO_WARNINGS. See online help for details.
  Model_3DS.cpp
  C:\Users\Mustafa ashraf\Documents\GitHub\OpenGL-3D\Model_3DS.cpp(78) : You need to uncomment this if you are using MFC
C:\Users\Mustafa ashraf\Documents\GitHub\OpenGL-3D\Model_3DS.cpp(182,10): warning C4996: 'strtok': This function or variable may be unsafe. Consider using strtok_s instead. To disable deprecation, use _CRT_SECURE_NO_WARNINGS. See online help for details.
C:\Users\Mustafa ashraf\Documents\GitHub\OpenGL-3D\Model_3DS.cpp(212,11): warning C4996: 'fopen': This function or variable may be unsafe. Consider using fopen_s instead. To disable deprecation, use _CRT_SECURE_NO_WARNINGS. See online help for details.
C:\Users\Mustafa ashraf\Documents\GitHub\OpenGL-3D\Model_3DS.cpp(764,2): warning C4996: 'sprintf': This function or variable may be unsafe. Consider using sprintf_s instead. To disable deprecation, use _CRT_SECURE_NO_WARNINGS. See online help for details.
  OpenGLMeshLoader19.cpp
C:\Users\Mustafa ashraf\Documents\GitHub\OpenGL-3D\TextureBuilder.h(27,52): warning C4244: 'argument': conversion from 'int' to 'GLfloat', possible loss of data
C:\Users\Mustafa ashraf\Documents\GitHub\OpenGL-3D\TextureBuilder.h(28,52): warning C4244: 'argument': conversion from 'int' to 'GLfloat', possible loss of data
C:\Users\Mustafa ashraf\Documents\GitHub\OpenGL-3D\OpenGLMeshLoader19.cpp(818,31): warning C4838: conversion from 'double' to 'GLfloat' requires a narrowing conversion
C:\Users\Mustafa ashraf\Documents\GitHub\OpenGL-3D\OpenGLMeshLoader19.cpp(818,44): warning C4838: conversion from 'double' to 'GLfloat' requires a narrowing conversion
C:\Users\Mustafa ashraf\Documents\GitHub\OpenGL-3D\OpenGLMeshLoader19.cpp(818,57): warning C4838: conversion from 'double' to 'GLfloat' requires a narrowing conversion
C:\Users\Mustafa ashraf\Documents\GitHub\OpenGL-3D\OpenGLMeshLoader19.cpp(827,50): warning C4838: conversion from 'GLdouble' to 'GLfloat' requires a narrowing conversion
C:\Users\Mustafa ashraf\Documents\GitHub\OpenGL-3D\OpenGLMeshLoader19.cpp(834,20): warning C4129: '=': unrecognized character escape sequence
  Generating Code...
GLTexture.obj : warning LNK4075: ignoring '/EDITANDCONTINUE' due to '/INCREMENTAL:NO' specification
  OpenGLMeshLoader.vcxproj -> C:\Users\Mustafa ashraf\Documents\GitHub\OpenGL-3D\Debug\OpenGLMeshLoader19.exe
